This file contains any messages produced by compilers while
running configure, to aid debugging if configure makes a mistake.

It was created by gloox configure 1.0.14, which was
generated by GNU Autoconf 2.69.  Invocation command line was

  $ ./configure --with-gnutls=no

## --------- ##
## Platform. ##
## --------- ##

hostname = leon-ut1104
uname -m = i686
uname -r = 3.0.0-25-generic
uname -s = Linux
uname -v = #41-Ubuntu SMP Mon Aug 13 17:59:54 UTC 2012

/usr/bin/uname -p = unknown
/bin/uname -X     = unknown

/bin/arch              = unknown
/usr/bin/arch -k       = unknown
/usr/convex/getsysinfo = unknown
/usr/bin/hostinfo      = unknown
/bin/machine           = unknown
/usr/bin/oslevel       = unknown
/bin/universe          = unknown

PATH: /usr/lib/lightdm/lightdm
PATH: /usr/local/sbin
PATH: /usr/local/bin
PATH: /usr/sbin
PATH: /usr/bin
PATH: /sbin
PATH: /bin
PATH: /usr/games


## ----------- ##
## Core tests. ##
## ----------- ##

configure:2439: checking for a BSD-compatible install
configure:2507: result: /usr/bin/install -c
configure:2518: checking whether build environment is sane
configure:2573: result: yes
configure:2724: checking for a thread-safe mkdir -p
configure:2763: result: /bin/mkdir -p
configure:2770: checking for gawk
configure:2800: result: no
configure:2770: checking for mawk
configure:2786: found /usr/bin/mawk
configure:2797: result: mawk
configure:2808: checking whether make sets $(MAKE)
configure:2830: result: yes
configure:2859: checking whether make supports nested variables
configure:2876: result: yes
configure:3016: checking build system type
configure:3030: result: i686-pc-linux-gnu
configure:3050: checking host system type
configure:3063: result: i686-pc-linux-gnu
configure:3133: checking for gcc
configure:3149: found /usr/bin/gcc
configure:3160: result: gcc
configure:3389: checking for C compiler version
configure:3398: gcc --version >&5
gcc (Ubuntu/Linaro 4.6.3-1ubuntu5) 4.6.3
Copyright (C) 2011 Free Software Foundation, Inc.
This is free software; see the source for copying conditions.  There is NO
warranty; not even for MERCHANTABILITY or FITNESS FOR A PARTICULAR PURPOSE.

configure:3409: $? = 0
configure:3398: gcc -v >&5
Using built-in specs.
COLLECT_GCC=gcc
COLLECT_LTO_WRAPPER=/usr/lib/gcc/i686-linux-gnu/4.6/lto-wrapper
Target: i686-linux-gnu
Configured with: ../src/configure -v --with-pkgversion='Ubuntu/Linaro 4.6.3-1ubuntu5' --with-bugurl=file:///usr/share/doc/gcc-4.6/README.Bugs --enable-languages=c,c++,fortran,objc,obj-c++ --prefix=/usr --program-suffix=-4.6 --enable-shared --enable-linker-build-id --with-system-zlib --libexecdir=/usr/lib --without-included-gettext --enable-threads=posix --with-gxx-include-dir=/usr/include/c++/4.6 --libdir=/usr/lib --enable-nls --with-sysroot=/ --enable-clocale=gnu --enable-libstdcxx-debug --enable-libstdcxx-time=yes --enable-gnu-unique-object --enable-plugin --enable-objc-gc --enable-targets=all --disable-werror --with-arch-32=i686 --with-tune=generic --enable-checking=release --build=i686-linux-gnu --host=i686-linux-gnu --target=i686-linux-gnu
Thread model: posix
gcc version 4.6.3 (Ubuntu/Linaro 4.6.3-1ubuntu5) 
configure:3409: $? = 0
configure:3398: gcc -V >&5
gcc: error: unrecognized option '-V'
gcc: fatal error: no input files
compilation terminated.
configure:3409: $? = 4
configure:3398: gcc -qversion >&5
gcc: error: unrecognized option '-qversion'
gcc: fatal error: no input files
compilation terminated.
configure:3409: $? = 4
configure:3429: checking whether the C compiler works
configure:3451: gcc    conftest.c  >&5
configure:3455: $? = 0
configure:3503: result: yes
configure:3506: checking for C compiler default output file name
configure:3508: result: a.out
configure:3514: checking for suffix of executables
configure:3521: gcc -o conftest    conftest.c  >&5
configure:3525: $? = 0
configure:3547: result: 
configure:3569: checking whether we are cross compiling
configure:3577: gcc -o conftest    conftest.c  >&5
configure:3581: $? = 0
configure:3588: ./conftest
configure:3592: $? = 0
configure:3607: result: no
configure:3612: checking for suffix of object files
configure:3634: gcc -c   conftest.c >&5
configure:3638: $? = 0
configure:3659: result: o
configure:3663: checking whether we are using the GNU C compiler
configure:3682: gcc -c   conftest.c >&5
configure:3682: $? = 0
configure:3691: result: yes
configure:3700: checking whether gcc accepts -g
configure:3720: gcc -c -g  conftest.c >&5
configure:3720: $? = 0
configure:3761: result: yes
configure:3778: checking for gcc option to accept ISO C89
configure:3841: gcc  -c -g -O2  conftest.c >&5
configure:3841: $? = 0
configure:3854: result: none needed
configure:3879: checking whether gcc understands -c and -o together
configure:3901: gcc -c conftest.c -o conftest2.o
configure:3904: $? = 0
configure:3901: gcc -c conftest.c -o conftest2.o
configure:3904: $? = 0
configure:3916: result: yes
configure:3944: checking for style of include used by make
configure:3972: result: GNU
configure:3998: checking dependency style of gcc
configure:4109: result: gcc3
configure:4182: checking for g++
configure:4198: found /usr/bin/g++
configure:4209: result: g++
configure:4236: checking for C++ compiler version
configure:4245: g++ --version >&5
g++ (Ubuntu/Linaro 4.6.3-1ubuntu5) 4.6.3
Copyright (C) 2011 Free Software Foundation, Inc.
This is free software; see the source for copying conditions.  There is NO
warranty; not even for MERCHANTABILITY or FITNESS FOR A PARTICULAR PURPOSE.

configure:4256: $? = 0
configure:4245: g++ -v >&5
Using built-in specs.
COLLECT_GCC=g++
COLLECT_LTO_WRAPPER=/usr/lib/gcc/i686-linux-gnu/4.6/lto-wrapper
Target: i686-linux-gnu
Configured with: ../src/configure -v --with-pkgversion='Ubuntu/Linaro 4.6.3-1ubuntu5' --with-bugurl=file:///usr/share/doc/gcc-4.6/README.Bugs --enable-languages=c,c++,fortran,objc,obj-c++ --prefix=/usr --program-suffix=-4.6 --enable-shared --enable-linker-build-id --with-system-zlib --libexecdir=/usr/lib --without-included-gettext --enable-threads=posix --with-gxx-include-dir=/usr/include/c++/4.6 --libdir=/usr/lib --enable-nls --with-sysroot=/ --enable-clocale=gnu --enable-libstdcxx-debug --enable-libstdcxx-time=yes --enable-gnu-unique-object --enable-plugin --enable-objc-gc --enable-targets=all --disable-werror --with-arch-32=i686 --with-tune=generic --enable-checking=release --build=i686-linux-gnu --host=i686-linux-gnu --target=i686-linux-gnu
Thread model: posix
gcc version 4.6.3 (Ubuntu/Linaro 4.6.3-1ubuntu5) 
configure:4256: $? = 0
configure:4245: g++ -V >&5
g++: error: unrecognized option '-V'
g++: fatal error: no input files
compilation terminated.
configure:4256: $? = 4
configure:4245: g++ -qversion >&5
g++: error: unrecognized option '-qversion'
g++: fatal error: no input files
compilation terminated.
configure:4256: $? = 4
configure:4260: checking whether we are using the GNU C++ compiler
configure:4279: g++ -c   conftest.cpp >&5
configure:4279: $? = 0
configure:4288: result: yes
configure:4297: checking whether g++ accepts -g
configure:4317: g++ -c -g  conftest.cpp >&5
configure:4317: $? = 0
configure:4358: result: yes
configure:4383: checking dependency style of g++
configure:4494: result: gcc3
configure:4552: checking for ranlib
configure:4568: found /usr/bin/ranlib
configure:4579: result: ranlib
configure:4647: checking how to print strings
configure:4674: result: printf
configure:4695: checking for a sed that does not truncate output
configure:4759: result: /bin/sed
configure:4777: checking for grep that handles long lines and -e
configure:4835: result: /bin/grep
configure:4840: checking for egrep
configure:4902: result: /bin/grep -E
configure:4907: checking for fgrep
configure:4969: result: /bin/grep -F
configure:5004: checking for ld used by gcc
configure:5071: result: /usr/bin/ld
configure:5078: checking if the linker (/usr/bin/ld) is GNU ld
configure:5093: result: yes
configure:5105: checking for BSD- or MS-compatible name lister (nm)
configure:5154: result: /usr/bin/nm -B
configure:5284: checking the name lister (/usr/bin/nm -B) interface
configure:5291: gcc -c -g -O2  conftest.c >&5
configure:5294: /usr/bin/nm -B "conftest.o"
configure:5297: output
00000000 B some_variable
configure:5304: result: BSD nm
configure:5307: checking whether ln -s works
configure:5311: result: yes
configure:5319: checking the maximum length of command line arguments
configure:5450: result: 1572864
configure:5467: checking whether the shell understands some XSI constructs
configure:5477: result: yes
configure:5481: checking whether the shell understands "+="
configure:5487: result: yes
configure:5522: checking how to convert i686-pc-linux-gnu file names to i686-pc-linux-gnu format
configure:5562: result: func_convert_file_noop
configure:5569: checking how to convert i686-pc-linux-gnu file names to toolchain format
configure:5589: result: func_convert_file_noop
configure:5596: checking for /usr/bin/ld option to reload object files
configure:5603: result: -r
configure:5677: checking for objdump
configure:5693: found /usr/bin/objdump
configure:5704: result: objdump
configure:5736: checking how to recognize dependent libraries
configure:5934: result: pass_all
configure:6019: checking for dlltool
configure:6049: result: no
configure:6079: checking how to associate runtime and link libraries
configure:6106: result: printf %s\n
configure:6167: checking for ar
configure:6183: found /usr/bin/ar
configure:6194: result: ar
configure:6231: checking for archiver @FILE support
configure:6248: gcc -c -g -O2  conftest.c >&5
configure:6248: $? = 0
configure:6251: ar cru libconftest.a @conftest.lst >&5
configure:6254: $? = 0
configure:6259: ar cru libconftest.a @conftest.lst >&5
ar: conftest.o: No such file or directory
configure:6262: $? = 1
configure:6274: result: @
configure:6332: checking for strip
configure:6348: found /usr/bin/strip
configure:6359: result: strip
configure:6431: checking for ranlib
configure:6458: result: ranlib
configure:6560: checking command to parse /usr/bin/nm -B output from gcc object
configure:6680: gcc -c -g -O2  conftest.c >&5
configure:6683: $? = 0
configure:6687: /usr/bin/nm -B conftest.o \| sed -n -e 's/^.*[ ]\([ABCDGIRSTW][ABCDGIRSTW]*\)[ ][ ]*\([_A-Za-z][_A-Za-z0-9]*\)$/\1 \2 \2/p' | sed '/ __gnu_lto/d' \> conftest.nm
configure:6690: $? = 0
configure:6756: gcc -o conftest -g -O2   conftest.c conftstm.o >&5
configure:6759: $? = 0
configure:6797: result: ok
configure:6834: checking for sysroot
configure:6864: result: no
configure:7133: checking for mt
configure:7149: found /bin/mt
configure:7160: result: mt
configure:7183: checking if mt is a manifest tool
configure:7189: mt '-?'
configure:7197: result: no
configure:7839: checking how to run the C preprocessor
configure:7870: gcc -E  conftest.c
configure:7870: $? = 0
configure:7884: gcc -E  conftest.c
conftest.c:11:28: fatal error: ac_nonexistent.h: No such file or directory
compilation terminated.
configure:7884: $? = 1
configure: failed program was:
| /* confdefs.h */
| #define PACKAGE_NAME "gloox"
| #define PACKAGE_TARNAME "gloox"
| #define PACKAGE_VERSION "1.0.14"
| #define PACKAGE_STRING "gloox 1.0.14"
| #define PACKAGE_BUGREPORT "js@camaya.net"
| #define PACKAGE_URL ""
| #define PACKAGE "gloox"
| #define VERSION "1.0.14"
| /* end confdefs.h.  */
| #include <ac_nonexistent.h>
configure:7909: result: gcc -E
configure:7929: gcc -E  conftest.c
configure:7929: $? = 0
configure:7943: gcc -E  conftest.c
conftest.c:11:28: fatal error: ac_nonexistent.h: No such file or directory
compilation terminated.
configure:7943: $? = 1
configure: failed program was:
| /* confdefs.h */
| #define PACKAGE_NAME "gloox"
| #define PACKAGE_TARNAME "gloox"
| #define PACKAGE_VERSION "1.0.14"
| #define PACKAGE_STRING "gloox 1.0.14"
| #define PACKAGE_BUGREPORT "js@camaya.net"
| #define PACKAGE_URL ""
| #define PACKAGE "gloox"
| #define VERSION "1.0.14"
| /* end confdefs.h.  */
| #include <ac_nonexistent.h>
configure:7972: checking for ANSI C header files
configure:7992: gcc -c -g -O2  conftest.c >&5
configure:7992: $? = 0
configure:8065: gcc -o conftest -g -O2   conftest.c  >&5
configure:8065: $? = 0
configure:8065: ./conftest
configure:8065: $? = 0
configure:8076: result: yes
configure:8089: checking for sys/types.h
configure:8089: gcc -c -g -O2  conftest.c >&5
configure:8089: $? = 0
configure:8089: result: yes
configure:8089: checking for sys/stat.h
configure:8089: gcc -c -g -O2  conftest.c >&5
configure:8089: $? = 0
configure:8089: result: yes
configure:8089: checking for stdlib.h
configure:8089: gcc -c -g -O2  conftest.c >&5
configure:8089: $? = 0
configure:8089: result: yes
configure:8089: checking for string.h
configure:8089: gcc -c -g -O2  conftest.c >&5
configure:8089: $? = 0
configure:8089: result: yes
configure:8089: checking for memory.h
configure:8089: gcc -c -g -O2  conftest.c >&5
configure:8089: $? = 0
configure:8089: result: yes
configure:8089: checking for strings.h
configure:8089: gcc -c -g -O2  conftest.c >&5
configure:8089: $? = 0
configure:8089: result: yes
configure:8089: checking for inttypes.h
configure:8089: gcc -c -g -O2  conftest.c >&5
configure:8089: $? = 0
configure:8089: result: yes
configure:8089: checking for stdint.h
configure:8089: gcc -c -g -O2  conftest.c >&5
configure:8089: $? = 0
configure:8089: result: yes
configure:8089: checking for unistd.h
configure:8089: gcc -c -g -O2  conftest.c >&5
configure:8089: $? = 0
configure:8089: result: yes
configure:8103: checking for dlfcn.h
configure:8103: gcc -c -g -O2  conftest.c >&5
configure:8103: $? = 0
configure:8103: result: yes
configure:8320: checking for objdir
configure:8335: result: .libs
configure:8602: checking if gcc supports -fno-rtti -fno-exceptions
configure:8620: gcc -c -g -O2  -fno-rtti -fno-exceptions conftest.c >&5
cc1: warning: command line option '-fno-rtti' is valid for C++/ObjC++ but not for C [enabled by default]
configure:8624: $? = 0
configure:8637: result: no
configure:8964: checking for gcc option to produce PIC
configure:8971: result: -fPIC -DPIC
configure:8979: checking if gcc PIC flag -fPIC -DPIC works
configure:8997: gcc -c -g -O2  -fPIC -DPIC -DPIC conftest.c >&5
configure:9001: $? = 0
configure:9014: result: yes
configure:9043: checking if gcc static flag -static works
configure:9071: result: yes
configure:9086: checking if gcc supports -c -o file.o
configure:9107: gcc -c -g -O2  -o out/conftest2.o conftest.c >&5
configure:9111: $? = 0
configure:9133: result: yes
configure:9141: checking if gcc supports -c -o file.o
configure:9188: result: yes
configure:9221: checking whether the gcc linker (/usr/bin/ld) supports shared libraries
configure:10378: result: yes
configure:10415: checking whether -lc should be explicitly linked in
configure:10423: gcc -c -g -O2  conftest.c >&5
configure:10426: $? = 0
configure:10441: gcc -shared  -fPIC -DPIC conftest.o  -v -Wl,-soname -Wl,conftest -o conftest 2\>\&1 \| /bin/grep  -lc  \>/dev/null 2\>\&1
configure:10444: $? = 0
configure:10458: result: no
configure:10618: checking dynamic linker characteristics
configure:11118: gcc -o conftest -g -O2   -Wl,-rpath -Wl,/foo conftest.c  >&5
configure:11118: $? = 0
configure:11352: result: GNU/Linux ld.so
configure:11459: checking how to hardcode library paths into programs
configure:11484: result: immediate
configure:12024: checking whether stripping libraries is possible
configure:12029: result: yes
configure:12064: checking if libtool supports shared libraries
configure:12066: result: yes
configure:12069: checking whether to build shared libraries
configure:12090: result: yes
configure:12093: checking whether to build static libraries
configure:12097: result: yes
configure:12120: checking how to run the C++ preprocessor
configure:12147: g++ -E  conftest.cpp
configure:12147: $? = 0
configure:12161: g++ -E  conftest.cpp
conftest.cpp:23:28: fatal error: ac_nonexistent.h: No such file or directory
compilation terminated.
configure:12161: $? = 1
configure: failed program was:
| /* confdefs.h */
| #define PACKAGE_NAME "gloox"
| #define PACKAGE_TARNAME "gloox"
| #define PACKAGE_VERSION "1.0.14"
| #define PACKAGE_STRING "gloox 1.0.14"
| #define PACKAGE_BUGREPORT "js@camaya.net"
| #define PACKAGE_URL ""
| #define PACKAGE "gloox"
| #define VERSION "1.0.14"
| #define STDC_HEADERS 1
| #define HAVE_SYS_TYPES_H 1
| #define HAVE_SYS_STAT_H 1
| #define HAVE_STDLIB_H 1
| #define HAVE_STRING_H 1
| #define HAVE_MEMORY_H 1
| #define HAVE_STRINGS_H 1
| #define HAVE_INTTYPES_H 1
| #define HAVE_STDINT_H 1
| #define HAVE_UNISTD_H 1
| #define HAVE_DLFCN_H 1
| #define LT_OBJDIR ".libs/"
| /* end confdefs.h.  */
| #include <ac_nonexistent.h>
configure:12186: result: g++ -E
configure:12206: g++ -E  conftest.cpp
configure:12206: $? = 0
configure:12220: g++ -E  conftest.cpp
conftest.cpp:23:28: fatal error: ac_nonexistent.h: No such file or directory
compilation terminated.
configure:12220: $? = 1
configure: failed program was:
| /* confdefs.h */
| #define PACKAGE_NAME "gloox"
| #define PACKAGE_TARNAME "gloox"
| #define PACKAGE_VERSION "1.0.14"
| #define PACKAGE_STRING "gloox 1.0.14"
| #define PACKAGE_BUGREPORT "js@camaya.net"
| #define PACKAGE_URL ""
| #define PACKAGE "gloox"
| #define VERSION "1.0.14"
| #define STDC_HEADERS 1
| #define HAVE_SYS_TYPES_H 1
| #define HAVE_SYS_STAT_H 1
| #define HAVE_STDLIB_H 1
| #define HAVE_STRING_H 1
| #define HAVE_MEMORY_H 1
| #define HAVE_STRINGS_H 1
| #define HAVE_INTTYPES_H 1
| #define HAVE_STDINT_H 1
| #define HAVE_UNISTD_H 1
| #define HAVE_DLFCN_H 1
| #define LT_OBJDIR ".libs/"
| /* end confdefs.h.  */
| #include <ac_nonexistent.h>
configure:12389: checking for ld used by g++
configure:12456: result: /usr/bin/ld
configure:12463: checking if the linker (/usr/bin/ld) is GNU ld
configure:12478: result: yes
configure:12533: checking whether the g++ linker (/usr/bin/ld) supports shared libraries
configure:13535: result: yes
configure:13571: g++ -c -g -O2  conftest.cpp >&5
configure:13574: $? = 0
configure:14094: checking for g++ option to produce PIC
configure:14101: result: -fPIC -DPIC
configure:14109: checking if g++ PIC flag -fPIC -DPIC works
configure:14127: g++ -c -g -O2  -fPIC -DPIC -DPIC conftest.cpp >&5
configure:14131: $? = 0
configure:14144: result: yes
configure:14167: checking if g++ static flag -static works
configure:14195: result: yes
configure:14207: checking if g++ supports -c -o file.o
configure:14228: g++ -c -g -O2  -o out/conftest2.o conftest.cpp >&5
configure:14232: $? = 0
configure:14254: result: yes
configure:14259: checking if g++ supports -c -o file.o
configure:14306: result: yes
configure:14336: checking whether the g++ linker (/usr/bin/ld) supports shared libraries
configure:14375: result: yes
configure:14516: checking dynamic linker characteristics
configure:15184: result: GNU/Linux ld.so
configure:15237: checking how to hardcode library paths into programs
configure:15262: result: immediate
configure:15348: checking whether GCC atomic builtins are available
configure:15356: result: yes
configure:15390: checking idna.h usability
configure:15390: gcc -c -g -O2  conftest.c >&5
configure:15390: $? = 0
configure:15390: result: yes
configure:15390: checking idna.h presence
configure:15390: gcc -E  conftest.c
configure:15390: $? = 0
configure:15390: result: yes
configure:15390: checking for idna.h
configure:15390: result: yes
configure:15392: checking for stringprep_check_version in -lidn
configure:15417: gcc -o conftest -g -O2   conftest.c -lidn   >&5
configure:15417: $? = 0
configure:15426: result: yes
configure:15448: checking if Libidn should be used
configure:15450: result: yes
configure:15705: checking if GnuTLS should be used
configure:15707: result: no
configure:15727: checking openssl/ssl.h usability
configure:15727: gcc -c -g -O2  conftest.c >&5
configure:15727: $? = 0
configure:15727: result: yes
configure:15727: checking openssl/ssl.h presence
configure:15727: gcc -E  conftest.c
configure:15727: $? = 0
configure:15727: result: yes
configure:15727: checking for openssl/ssl.h
configure:15727: result: yes
configure:15729: checking for SSL_library_init in -lssl
configure:15754: gcc -o conftest -g -O2   conftest.c -lssl   -lidn -lssl -lcrypto >&5
configure:15754: $? = 0
configure:15763: result: yes
configure:15785: checking if OpenSSL should be used
configure:15787: result: yes
configure:15804: checking zlib.h usability
configure:15804: gcc -c -g -O2  conftest.c >&5
configure:15804: $? = 0
configure:15804: result: yes
configure:15804: checking zlib.h presence
configure:15804: gcc -E  conftest.c
configure:15804: $? = 0
configure:15804: result: yes
configure:15804: checking for zlib.h
configure:15804: result: yes
configure:15806: checking for zlibVersion in -lz
configure:15831: gcc -o conftest -g -O2   conftest.c -lz   -lidn -lssl -lcrypto >&5
configure:15831: $? = 0
configure:15840: result: yes
configure:15862: checking if Zlib should be used
configure:15864: result: yes
configure:16032: checking for the pthreads library -lpthreads
configure:16065: gcc -o conftest -g -O2    conftest.c -lpthreads  -lidn -lssl -lcrypto -lz >&5
/usr/bin/ld: cannot find -lpthreads
collect2: ld returned 1 exit status
configure:16065: $? = 1
configure: failed program was:
| /* confdefs.h */
| #define PACKAGE_NAME "gloox"
| #define PACKAGE_TARNAME "gloox"
| #define PACKAGE_VERSION "1.0.14"
| #define PACKAGE_STRING "gloox 1.0.14"
| #define PACKAGE_BUGREPORT "js@camaya.net"
| #define PACKAGE_URL ""
| #define PACKAGE "gloox"
| #define VERSION "1.0.14"
| #define STDC_HEADERS 1
| #define HAVE_SYS_TYPES_H 1
| #define HAVE_SYS_STAT_H 1
| #define HAVE_STDLIB_H 1
| #define HAVE_STRING_H 1
| #define HAVE_MEMORY_H 1
| #define HAVE_STRINGS_H 1
| #define HAVE_INTTYPES_H 1
| #define HAVE_STDINT_H 1
| #define HAVE_UNISTD_H 1
| #define HAVE_DLFCN_H 1
| #define LT_OBJDIR ".libs/"
| #define HAVE_GCC_ATOMIC_BUILTINS 1
| #define HAVE_LIBIDN 1
| #define HAVE_OPENSSL 1
| #define HAVE_ZLIB 1
| /* end confdefs.h.  */
| #include <pthread.h>
| int
| main ()
| {
| pthread_t th; pthread_join(th, 0);
|                      pthread_attr_init(0); pthread_cleanup_push(0, 0);
|                      pthread_create(0,0,0,0); pthread_cleanup_pop(0);
|   ;
|   return 0;
| }
configure:16074: result: no
configure:15977: checking whether pthreads work without any flags
configure:16065: gcc -o conftest -g -O2    conftest.c   -lidn -lssl -lcrypto -lz >&5
/tmp/ccqM3Jp1.o: In function `main':
/home/leon/桌面/case/gloox-1.0.14/conftest.c:31: undefined reference to `pthread_join'
/home/leon/桌面/case/gloox-1.0.14/conftest.c:32: undefined reference to `__pthread_register_cancel'
/home/leon/桌面/case/gloox-1.0.14/conftest.c:33: undefined reference to `pthread_create'
/home/leon/桌面/case/gloox-1.0.14/conftest.c:33: undefined reference to `__pthread_unregister_cancel'
collect2: ld returned 1 exit status
configure:16065: $? = 1
configure: failed program was:
| /* confdefs.h */
| #define PACKAGE_NAME "gloox"
| #define PACKAGE_TARNAME "gloox"
| #define PACKAGE_VERSION "1.0.14"
| #define PACKAGE_STRING "gloox 1.0.14"
| #define PACKAGE_BUGREPORT "js@camaya.net"
| #define PACKAGE_URL ""
| #define PACKAGE "gloox"
| #define VERSION "1.0.14"
| #define STDC_HEADERS 1
| #define HAVE_SYS_TYPES_H 1
| #define HAVE_SYS_STAT_H 1
| #define HAVE_STDLIB_H 1
| #define HAVE_STRING_H 1
| #define HAVE_MEMORY_H 1
| #define HAVE_STRINGS_H 1
| #define HAVE_INTTYPES_H 1
| #define HAVE_STDINT_H 1
| #define HAVE_UNISTD_H 1
| #define HAVE_DLFCN_H 1
| #define LT_OBJDIR ".libs/"
| #define HAVE_GCC_ATOMIC_BUILTINS 1
| #define HAVE_LIBIDN 1
| #define HAVE_OPENSSL 1
| #define HAVE_ZLIB 1
| /* end confdefs.h.  */
| #include <pthread.h>
| int
| main ()
| {
| pthread_t th; pthread_join(th, 0);
|                      pthread_attr_init(0); pthread_cleanup_push(0, 0);
|                      pthread_create(0,0,0,0); pthread_cleanup_pop(0);
|   ;
|   return 0;
| }
configure:16074: result: no
configure:15982: checking whether pthreads work with -Kthread
configure:16065: gcc -o conftest -g -O2 -Kthread   conftest.c   -lidn -lssl -lcrypto -lz >&5
gcc: error: unrecognized option '-Kthread'
configure:16065: $? = 1
configure: failed program was:
| /* confdefs.h */
| #define PACKAGE_NAME "gloox"
| #define PACKAGE_TARNAME "gloox"
| #define PACKAGE_VERSION "1.0.14"
| #define PACKAGE_STRING "gloox 1.0.14"
| #define PACKAGE_BUGREPORT "js@camaya.net"
| #define PACKAGE_URL ""
| #define PACKAGE "gloox"
| #define VERSION "1.0.14"
| #define STDC_HEADERS 1
| #define HAVE_SYS_TYPES_H 1
| #define HAVE_SYS_STAT_H 1
| #define HAVE_STDLIB_H 1
| #define HAVE_STRING_H 1
| #define HAVE_MEMORY_H 1
| #define HAVE_STRINGS_H 1
| #define HAVE_INTTYPES_H 1
| #define HAVE_STDINT_H 1
| #define HAVE_UNISTD_H 1
| #define HAVE_DLFCN_H 1
| #define LT_OBJDIR ".libs/"
| #define HAVE_GCC_ATOMIC_BUILTINS 1
| #define HAVE_LIBIDN 1
| #define HAVE_OPENSSL 1
| #define HAVE_ZLIB 1
| /* end confdefs.h.  */
| #include <pthread.h>
| int
| main ()
| {
| pthread_t th; pthread_join(th, 0);
|                      pthread_attr_init(0); pthread_cleanup_push(0, 0);
|                      pthread_create(0,0,0,0); pthread_cleanup_pop(0);
|   ;
|   return 0;
| }
configure:16074: result: no
configure:15982: checking whether pthreads work with -kthread
configure:16065: gcc -o conftest -g -O2 -kthread   conftest.c   -lidn -lssl -lcrypto -lz >&5
gcc: error: unrecognized option '-kthread'
configure:16065: $? = 1
configure: failed program was:
| /* confdefs.h */
| #define PACKAGE_NAME "gloox"
| #define PACKAGE_TARNAME "gloox"
| #define PACKAGE_VERSION "1.0.14"
| #define PACKAGE_STRING "gloox 1.0.14"
| #define PACKAGE_BUGREPORT "js@camaya.net"
| #define PACKAGE_URL ""
| #define PACKAGE "gloox"
| #define VERSION "1.0.14"
| #define STDC_HEADERS 1
| #define HAVE_SYS_TYPES_H 1
| #define HAVE_SYS_STAT_H 1
| #define HAVE_STDLIB_H 1
| #define HAVE_STRING_H 1
| #define HAVE_MEMORY_H 1
| #define HAVE_STRINGS_H 1
| #define HAVE_INTTYPES_H 1
| #define HAVE_STDINT_H 1
| #define HAVE_UNISTD_H 1
| #define HAVE_DLFCN_H 1
| #define LT_OBJDIR ".libs/"
| #define HAVE_GCC_ATOMIC_BUILTINS 1
| #define HAVE_LIBIDN 1
| #define HAVE_OPENSSL 1
| #define HAVE_ZLIB 1
| /* end confdefs.h.  */
| #include <pthread.h>
| int
| main ()
| {
| pthread_t th; pthread_join(th, 0);
|                      pthread_attr_init(0); pthread_cleanup_push(0, 0);
|                      pthread_create(0,0,0,0); pthread_cleanup_pop(0);
|   ;
|   return 0;
| }
configure:16074: result: no
configure:16032: checking for the pthreads library -llthread
configure:16065: gcc -o conftest -g -O2    conftest.c -llthread  -lidn -lssl -lcrypto -lz >&5
/usr/bin/ld: cannot find -llthread
collect2: ld returned 1 exit status
configure:16065: $? = 1
configure: failed program was:
| /* confdefs.h */
| #define PACKAGE_NAME "gloox"
| #define PACKAGE_TARNAME "gloox"
| #define PACKAGE_VERSION "1.0.14"
| #define PACKAGE_STRING "gloox 1.0.14"
| #define PACKAGE_BUGREPORT "js@camaya.net"
| #define PACKAGE_URL ""
| #define PACKAGE "gloox"
| #define VERSION "1.0.14"
| #define STDC_HEADERS 1
| #define HAVE_SYS_TYPES_H 1
| #define HAVE_SYS_STAT_H 1
| #define HAVE_STDLIB_H 1
| #define HAVE_STRING_H 1
| #define HAVE_MEMORY_H 1
| #define HAVE_STRINGS_H 1
| #define HAVE_INTTYPES_H 1
| #define HAVE_STDINT_H 1
| #define HAVE_UNISTD_H 1
| #define HAVE_DLFCN_H 1
| #define LT_OBJDIR ".libs/"
| #define HAVE_GCC_ATOMIC_BUILTINS 1
| #define HAVE_LIBIDN 1
| #define HAVE_OPENSSL 1
| #define HAVE_ZLIB 1
| /* end confdefs.h.  */
| #include <pthread.h>
| int
| main ()
| {
| pthread_t th; pthread_join(th, 0);
|                      pthread_attr_init(0); pthread_cleanup_push(0, 0);
|                      pthread_create(0,0,0,0); pthread_cleanup_pop(0);
|   ;
|   return 0;
| }
configure:16074: result: no
configure:15982: checking whether pthreads work with -pthread
configure:16065: gcc -o conftest -g -O2 -pthread   conftest.c   -lidn -lssl -lcrypto -lz >&5
configure:16065: $? = 0
configure:16074: result: yes
configure:16093: checking for joinable pthread attribute
configure:16108: gcc -o conftest -g -O2 -pthread   conftest.c   -lidn -lssl -lcrypto -lz >&5
configure:16108: $? = 0
configure:16114: result: PTHREAD_CREATE_JOINABLE
configure:16124: checking if more special flags are required for pthreads
configure:16131: result: no
configure:16219: checking for res_querydomain
configure:16219: gcc -o conftest -g -O2  -pthread  -pthread conftest.c   -lidn -lssl -lcrypto -lz >&5
/tmp/cc9boVaB.o: In function `main':
/home/leon/桌面/case/gloox-1.0.14/conftest.c:62: undefined reference to `res_querydomain'
collect2: ld returned 1 exit status
configure:16219: $? = 1
configure: failed program was:
| /* confdefs.h */
| #define PACKAGE_NAME "gloox"
| #define PACKAGE_TARNAME "gloox"
| #define PACKAGE_VERSION "1.0.14"
| #define PACKAGE_STRING "gloox 1.0.14"
| #define PACKAGE_BUGREPORT "js@camaya.net"
| #define PACKAGE_URL ""
| #define PACKAGE "gloox"
| #define VERSION "1.0.14"
| #define STDC_HEADERS 1
| #define HAVE_SYS_TYPES_H 1
| #define HAVE_SYS_STAT_H 1
| #define HAVE_STDLIB_H 1
| #define HAVE_STRING_H 1
| #define HAVE_MEMORY_H 1
| #define HAVE_STRINGS_H 1
| #define HAVE_INTTYPES_H 1
| #define HAVE_STDINT_H 1
| #define HAVE_UNISTD_H 1
| #define HAVE_DLFCN_H 1
| #define LT_OBJDIR ".libs/"
| #define HAVE_GCC_ATOMIC_BUILTINS 1
| #define HAVE_LIBIDN 1
| #define HAVE_OPENSSL 1
| #define HAVE_ZLIB 1
| #define HAVE_PTHREAD 1
| /* end confdefs.h.  */
| /* Define res_querydomain to an innocuous variant, in case <limits.h> declares res_querydomain.
|    For example, HP-UX 11i <limits.h> declares gettimeofday.  */
| #define res_querydomain innocuous_res_querydomain
| 
| /* System header to define __stub macros and hopefully few prototypes,
|     which can conflict with char res_querydomain (); below.
|     Prefer <limits.h> to <assert.h> if __STDC__ is defined, since
|     <limits.h> exists even on freestanding compilers.  */
| 
| #ifdef __STDC__
| # include <limits.h>
| #else
| # include <assert.h>
| #endif
| 
| #undef res_querydomain
| 
| /* Override any GCC internal prototype to avoid an error.
|    Use char because int might match the return type of a GCC
|    builtin and then its argument prototype would still apply.  */
| #ifdef __cplusplus
| extern "C"
| #endif
| char res_querydomain ();
| /* The GNU C library defines this for functions which it implements
|     to always fail with ENOSYS.  Some functions are actually named
|     something starting with __ and the normal name is an alias.  */
| #if defined __stub_res_querydomain || defined __stub___res_querydomain
| choke me
| #endif
| 
| int
| main ()
| {
| return res_querydomain ();
|   ;
|   return 0;
| }
configure:16219: result: no
configure:16231: checking for res_querydomain in -lresolv
configure:16256: gcc -o conftest -g -O2  -pthread  -pthread conftest.c -lresolv    -lidn -lssl -lcrypto -lz >&5
configure:16256: $? = 0
configure:16265: result: yes
configure:16365: checking for dn_skipname
configure:16365: gcc -o conftest -g -O2  -pthread  -pthread conftest.c -lresolv   -lidn -lssl -lcrypto -lz >&5
/tmp/ccn8ZuiW.o: In function `main':
/home/leon/桌面/case/gloox-1.0.14/conftest.c:64: undefined reference to `dn_skipname'
collect2: ld returned 1 exit status
configure:16365: $? = 1
configure: failed program was:
| /* confdefs.h */
| #define PACKAGE_NAME "gloox"
| #define PACKAGE_TARNAME "gloox"
| #define PACKAGE_VERSION "1.0.14"
| #define PACKAGE_STRING "gloox 1.0.14"
| #define PACKAGE_BUGREPORT "js@camaya.net"
| #define PACKAGE_URL ""
| #define PACKAGE "gloox"
| #define VERSION "1.0.14"
| #define STDC_HEADERS 1
| #define HAVE_SYS_TYPES_H 1
| #define HAVE_SYS_STAT_H 1
| #define HAVE_STDLIB_H 1
| #define HAVE_STRING_H 1
| #define HAVE_MEMORY_H 1
| #define HAVE_STRINGS_H 1
| #define HAVE_INTTYPES_H 1
| #define HAVE_STDINT_H 1
| #define HAVE_UNISTD_H 1
| #define HAVE_DLFCN_H 1
| #define LT_OBJDIR ".libs/"
| #define HAVE_GCC_ATOMIC_BUILTINS 1
| #define HAVE_LIBIDN 1
| #define HAVE_OPENSSL 1
| #define HAVE_ZLIB 1
| #define HAVE_PTHREAD 1
| #define HAVE_LIBRESOLV 1
| #define HAVE_RES_QUERYDOMAIN 1
| /* end confdefs.h.  */
| /* Define dn_skipname to an innocuous variant, in case <limits.h> declares dn_skipname.
|    For example, HP-UX 11i <limits.h> declares gettimeofday.  */
| #define dn_skipname innocuous_dn_skipname
| 
| /* System header to define __stub macros and hopefully few prototypes,
|     which can conflict with char dn_skipname (); below.
|     Prefer <limits.h> to <assert.h> if __STDC__ is defined, since
|     <limits.h> exists even on freestanding compilers.  */
| 
| #ifdef __STDC__
| # include <limits.h>
| #else
| # include <assert.h>
| #endif
| 
| #undef dn_skipname
| 
| /* Override any GCC internal prototype to avoid an error.
|    Use char because int might match the return type of a GCC
|    builtin and then its argument prototype would still apply.  */
| #ifdef __cplusplus
| extern "C"
| #endif
| char dn_skipname ();
| /* The GNU C library defines this for functions which it implements
|     to always fail with ENOSYS.  Some functions are actually named
|     something starting with __ and the normal name is an alias.  */
| #if defined __stub_dn_skipname || defined __stub___dn_skipname
| choke me
| #endif
| 
| int
| main ()
| {
| return dn_skipname ();
|   ;
|   return 0;
| }
configure:16365: result: no
configure:16377: checking for dn_skipname in -lresolv
configure:16402: gcc -o conftest -g -O2  -pthread  -pthread conftest.c -lresolv  -lresolv   -lidn -lssl -lcrypto -lz >&5
/tmp/ccFwOJOV.o: In function `main':
/home/leon/桌面/case/gloox-1.0.14/conftest.c:41: undefined reference to `dn_skipname'
collect2: ld returned 1 exit status
configure:16402: $? = 1
configure: failed program was:
| /* confdefs.h */
| #define PACKAGE_NAME "gloox"
| #define PACKAGE_TARNAME "gloox"
| #define PACKAGE_VERSION "1.0.14"
| #define PACKAGE_STRING "gloox 1.0.14"
| #define PACKAGE_BUGREPORT "js@camaya.net"
| #define PACKAGE_URL ""
| #define PACKAGE "gloox"
| #define VERSION "1.0.14"
| #define STDC_HEADERS 1
| #define HAVE_SYS_TYPES_H 1
| #define HAVE_SYS_STAT_H 1
| #define HAVE_STDLIB_H 1
| #define HAVE_STRING_H 1
| #define HAVE_MEMORY_H 1
| #define HAVE_STRINGS_H 1
| #define HAVE_INTTYPES_H 1
| #define HAVE_STDINT_H 1
| #define HAVE_UNISTD_H 1
| #define HAVE_DLFCN_H 1
| #define LT_OBJDIR ".libs/"
| #define HAVE_GCC_ATOMIC_BUILTINS 1
| #define HAVE_LIBIDN 1
| #define HAVE_OPENSSL 1
| #define HAVE_ZLIB 1
| #define HAVE_PTHREAD 1
| #define HAVE_LIBRESOLV 1
| #define HAVE_RES_QUERYDOMAIN 1
| /* end confdefs.h.  */
| 
| /* Override any GCC internal prototype to avoid an error.
|    Use char because int might match the return type of a GCC
|    builtin and then its argument prototype would still apply.  */
| #ifdef __cplusplus
| extern "C"
| #endif
| char dn_skipname ();
| int
| main ()
| {
| return dn_skipname ();
|   ;
|   return 0;
| }
configure:16411: result: no
configure:16427: checking for dn_skipname in -lbind
configure:16452: gcc -o conftest -g -O2  -pthread  -pthread conftest.c -lbind  -lresolv   -lidn -lssl -lcrypto -lz >&5
/usr/bin/ld: cannot find -lbind
collect2: ld returned 1 exit status
configure:16452: $? = 1
configure: failed program was:
| /* confdefs.h */
| #define PACKAGE_NAME "gloox"
| #define PACKAGE_TARNAME "gloox"
| #define PACKAGE_VERSION "1.0.14"
| #define PACKAGE_STRING "gloox 1.0.14"
| #define PACKAGE_BUGREPORT "js@camaya.net"
| #define PACKAGE_URL ""
| #define PACKAGE "gloox"
| #define VERSION "1.0.14"
| #define STDC_HEADERS 1
| #define HAVE_SYS_TYPES_H 1
| #define HAVE_SYS_STAT_H 1
| #define HAVE_STDLIB_H 1
| #define HAVE_STRING_H 1
| #define HAVE_MEMORY_H 1
| #define HAVE_STRINGS_H 1
| #define HAVE_INTTYPES_H 1
| #define HAVE_STDINT_H 1
| #define HAVE_UNISTD_H 1
| #define HAVE_DLFCN_H 1
| #define LT_OBJDIR ".libs/"
| #define HAVE_GCC_ATOMIC_BUILTINS 1
| #define HAVE_LIBIDN 1
| #define HAVE_OPENSSL 1
| #define HAVE_ZLIB 1
| #define HAVE_PTHREAD 1
| #define HAVE_LIBRESOLV 1
| #define HAVE_RES_QUERYDOMAIN 1
| /* end confdefs.h.  */
| 
| /* Override any GCC internal prototype to avoid an error.
|    Use char because int might match the return type of a GCC
|    builtin and then its argument prototype would still apply.  */
| #ifdef __cplusplus
| extern "C"
| #endif
| char dn_skipname ();
| int
| main ()
| {
| return dn_skipname ();
|   ;
|   return 0;
| }
configure:16461: result: no
configure:16477: checking for dn_skipname in -lresolv (alternate version)
configure:16493: gcc -o conftest -g -O2  -pthread  -pthread conftest.c -lresolv -lresolv   -lidn -lssl -lcrypto -lz >&5
configure:16493: $? = 0
configure:16494: result: yes
configure:16512: checking for res_query
configure:16512: gcc -o conftest -g -O2  -pthread  -pthread conftest.c -lresolv -lresolv   -lidn -lssl -lcrypto -lz >&5
configure:16512: $? = 0
configure:16512: result: yes
configure:16676: checking whether to enable debug
configure:16678: result: no
configure:16702: checking whether to use getaddrinfo
configure:16704: result: no
configure:16707: checking for ANSI C header files
configure:16811: result: yes
configure:16822: checking for unistd.h
configure:16822: result: yes
configure:16822: checking for strings.h
configure:16822: result: yes
configure:16822: checking errno.h usability
configure:16822: gcc -c -g -O2  -pthread conftest.c >&5
configure:16822: $? = 0
configure:16822: result: yes
configure:16822: checking errno.h presence
configure:16822: gcc -E  -pthread conftest.c
configure:16822: $? = 0
configure:16822: result: yes
configure:16822: checking for errno.h
configure:16822: result: yes
configure:16822: checking arpa/nameser.h usability
configure:16822: gcc -c -g -O2  -pthread conftest.c >&5
configure:16822: $? = 0
configure:16822: result: yes
configure:16822: checking arpa/nameser.h presence
configure:16822: gcc -E  -pthread conftest.c
configure:16822: $? = 0
configure:16822: result: yes
configure:16822: checking for arpa/nameser.h
configure:16822: result: yes
configure:16834: checking for setsockopt
configure:16834: gcc -o conftest -g -O2  -pthread  -pthread conftest.c -lresolv -lresolv   -lidn -lssl -lcrypto -lz >&5
configure:16834: $? = 0
configure:16834: result: yes
configure:16890: checking for an ANSI C-conforming const
configure:16956: gcc -c -g -O2  -pthread conftest.c >&5
configure:16956: $? = 0
configure:16963: result: yes
configure:16971: checking for inline
configure:16987: gcc -c -g -O2  -pthread conftest.c >&5
configure:16987: $? = 0
configure:16995: result: inline
configure:17078: checking if mDNS support should be built
configure:17080: result: no
configure:17092: checking if unit tests should be built
configure:17094: result: yes
configure:17114: checking if example programs should be built
configure:17116: result: yes
configure:17238: checking that generated files are newer than configure
configure:17244: result: done
configure:17271: creating ./config.status

## ---------------------- ##
## Running config.status. ##
## ---------------------- ##

This file was extended by gloox config.status 1.0.14, which was
generated by GNU Autoconf 2.69.  Invocation command line was

  CONFIG_FILES    = 
  CONFIG_HEADERS  = 
  CONFIG_LINKS    = 
  CONFIG_COMMANDS = 
  $ ./config.status 

on leon-ut1104

config.status:1256: creating Makefile
config.status:1256: creating gloox.pc
config.status:1256: creating gloox-config
config.status:1256: creating src/Makefile
config.status:1256: creating src/examples/Makefile
config.status:1256: creating src/tests/Makefile
config.status:1256: creating src/tests/adhoc/Makefile
config.status:1256: creating src/tests/adhoccommand/Makefile
config.status:1256: creating src/tests/adhoccommandnote/Makefile
config.status:1256: creating src/tests/amprule/Makefile
config.status:1256: creating src/tests/amp/Makefile
config.status:1256: creating src/tests/base64/Makefile
config.status:1256: creating src/tests/capabilities/Makefile
config.status:1256: creating src/tests/carbons/Makefile
config.status:1256: creating src/tests/chatstatefilter/Makefile
config.status:1256: creating src/tests/client/Makefile
config.status:1256: creating src/tests/clientbase/Makefile
config.status:1256: creating src/tests/connectionbosh/Makefile
config.status:1256: creating src/tests/dataform/Makefile
config.status:1256: creating src/tests/dataformfield/Makefile
config.status:1256: creating src/tests/dataformitem/Makefile
config.status:1256: creating src/tests/dataformreported/Makefile
config.status:1256: creating src/tests/delayeddelivery/Makefile
config.status:1256: creating src/tests/discoinfo/Makefile
config.status:1256: creating src/tests/discoitems/Makefile
config.status:1256: creating src/tests/disco/Makefile
config.status:1256: creating src/tests/error/Makefile
config.status:1256: creating src/tests/featureneg/Makefile
config.status:1256: creating src/tests/flexofflineoffline/Makefile
config.status:1256: creating src/tests/flexoffline/Makefile
config.status:1256: creating src/tests/forward/Makefile
config.status:1256: creating src/tests/gpgencrypted/Makefile
config.status:1256: creating src/tests/gpgsigned/Makefile
config.status:1256: creating src/tests/inbandbytestreamibb/Makefile
config.status:1256: creating src/tests/inbandbytestream/Makefile
config.status:1256: creating src/tests/iodata/Makefile
config.status:1256: creating src/tests/iq/Makefile
config.status:1256: creating src/tests/jid/Makefile
config.status:1256: creating src/tests/jingleiceudp/Makefile
config.status:1256: creating src/tests/jinglesession/Makefile
config.status:1256: creating src/tests/jinglesessionjingle/Makefile
config.status:1256: creating src/tests/jinglesessionmanager/Makefile
config.status:1256: creating src/tests/lastactivityquery/Makefile
config.status:1256: creating src/tests/lastactivity/Makefile
config.status:1256: creating src/tests/md5/Makefile
config.status:1256: creating src/tests/message/Makefile
config.status:1256: creating src/tests/messageeventfilter/Makefile
config.status:1256: creating src/tests/mucroommuc/Makefile
config.status:1256: creating src/tests/mucroommucadmin/Makefile
config.status:1256: creating src/tests/mucroommucowner/Makefile
config.status:1256: creating src/tests/mucroommucuser/Makefile
config.status:1256: creating src/tests/nickname/Makefile
config.status:1256: creating src/tests/nonsaslauthquery/Makefile
config.status:1256: creating src/tests/nonsaslauth/Makefile
config.status:1256: creating src/tests/oob/Makefile
config.status:1256: creating src/tests/parser/Makefile
config.status:1256: creating src/tests/prep/Makefile
config.status:1256: creating src/tests/presence/Makefile
config.status:1256: creating src/tests/privacymanagerquery/Makefile
config.status:1256: creating src/tests/privacymanager/Makefile
config.status:1256: creating src/tests/privatexml/Makefile
config.status:1256: creating src/tests/pubsubmanagerpubsub/Makefile
config.status:1256: creating src/tests/pubsubmanager/Makefile
config.status:1256: creating src/tests/pubsubevent/Makefile
config.status:1256: creating src/tests/receipt/Makefile
config.status:1256: creating src/tests/registrationquery/Makefile
config.status:1256: creating src/tests/registration/Makefile
config.status:1256: creating src/tests/rostermanagerquery/Makefile
config.status:1256: creating src/tests/rostermanager/Makefile
config.status:1256: creating src/tests/searchquery/Makefile
config.status:1256: creating src/tests/search/Makefile
config.status:1256: creating src/tests/sha/Makefile
config.status:1256: creating src/tests/shim/Makefile
config.status:1256: creating src/tests/simanager/Makefile
config.status:1256: creating src/tests/simanagersi/Makefile
config.status:1256: creating src/tests/stanzaextensionfactory/Makefile
config.status:1256: creating src/tests/subscription/Makefile
config.status:1256: creating src/tests/tag/Makefile
config.status:1256: creating src/tests/tlsgnutls/Makefile
config.status:1256: creating src/tests/uniquemucroomunique/Makefile
config.status:1256: creating src/tests/util/Makefile
config.status:1256: creating src/tests/vcard/Makefile
config.status:1256: creating src/tests/vcardupdate/Makefile
config.status:1256: creating src/tests/xpath/Makefile
config.status:1256: creating src/tests/zlib/Makefile
config.status:1256: creating config.h.unix
config.status:1485: executing depfiles commands
config.status:1485: executing libtool commands

## ---------------- ##
## Cache variables. ##
## ---------------- ##

ac_cv_build=i686-pc-linux-gnu
ac_cv_c_compiler_gnu=yes
ac_cv_c_const=yes
ac_cv_c_inline=inline
ac_cv_cxx_compiler_gnu=yes
ac_cv_env_CCC_set=
ac_cv_env_CCC_value=
ac_cv_env_CC_set=
ac_cv_env_CC_value=
ac_cv_env_CFLAGS_set=
ac_cv_env_CFLAGS_value=
ac_cv_env_CPPFLAGS_set=
ac_cv_env_CPPFLAGS_value=
ac_cv_env_CPP_set=
ac_cv_env_CPP_value=
ac_cv_env_CXXCPP_set=
ac_cv_env_CXXCPP_value=
ac_cv_env_CXXFLAGS_set=
ac_cv_env_CXXFLAGS_value=
ac_cv_env_CXX_set=
ac_cv_env_CXX_value=
ac_cv_env_GNUTLS_CFLAGS_set=
ac_cv_env_GNUTLS_CFLAGS_value=
ac_cv_env_GNUTLS_LIBS_set=
ac_cv_env_GNUTLS_LIBS_value=
ac_cv_env_LDFLAGS_set=
ac_cv_env_LDFLAGS_value=
ac_cv_env_LIBS_set=
ac_cv_env_LIBS_value=
ac_cv_env_PKG_CONFIG_LIBDIR_set=
ac_cv_env_PKG_CONFIG_LIBDIR_value=
ac_cv_env_PKG_CONFIG_PATH_set=
ac_cv_env_PKG_CONFIG_PATH_value=
ac_cv_env_PKG_CONFIG_set=
ac_cv_env_PKG_CONFIG_value=
ac_cv_env_build_alias_set=
ac_cv_env_build_alias_value=
ac_cv_env_host_alias_set=
ac_cv_env_host_alias_value=
ac_cv_env_target_alias_set=
ac_cv_env_target_alias_value=
ac_cv_func_dn_skipname=no
ac_cv_func_res_query=yes
ac_cv_func_res_querydomain=no
ac_cv_func_setsockopt=yes
ac_cv_header_arpa_nameser_h=yes
ac_cv_header_dlfcn_h=yes
ac_cv_header_errno_h=yes
ac_cv_header_idna_h=yes
ac_cv_header_inttypes_h=yes
ac_cv_header_memory_h=yes
ac_cv_header_openssl_ssl_h=yes
ac_cv_header_stdc=yes
ac_cv_header_stdint_h=yes
ac_cv_header_stdlib_h=yes
ac_cv_header_string_h=yes
ac_cv_header_strings_h=yes
ac_cv_header_sys_stat_h=yes
ac_cv_header_sys_types_h=yes
ac_cv_header_unistd_h=yes
ac_cv_header_zlib_h=yes
ac_cv_host=i686-pc-linux-gnu
ac_cv_lib_bind_dn_skipname=no
ac_cv_lib_idn_stringprep_check_version=yes
ac_cv_lib_resolv_dn_skipname=no
ac_cv_lib_resolv_res_querydomain=yes
ac_cv_lib_ssl_SSL_library_init=yes
ac_cv_lib_z_zlibVersion=yes
ac_cv_objext=o
ac_cv_path_EGREP='/bin/grep -E'
ac_cv_path_FGREP='/bin/grep -F'
ac_cv_path_GREP=/bin/grep
ac_cv_path_SED=/bin/sed
ac_cv_path_install='/usr/bin/install -c'
ac_cv_path_mkdir=/bin/mkdir
ac_cv_prog_AWK=mawk
ac_cv_prog_CPP='gcc -E'
ac_cv_prog_CXXCPP='g++ -E'
ac_cv_prog_ac_ct_AR=ar
ac_cv_prog_ac_ct_CC=gcc
ac_cv_prog_ac_ct_CXX=g++
ac_cv_prog_ac_ct_MANIFEST_TOOL=mt
ac_cv_prog_ac_ct_OBJDUMP=objdump
ac_cv_prog_ac_ct_RANLIB=ranlib
ac_cv_prog_ac_ct_STRIP=strip
ac_cv_prog_cc_c89=
ac_cv_prog_cc_g=yes
ac_cv_prog_cxx_g=yes
ac_cv_prog_make_make_set=yes
am_cv_CC_dependencies_compiler_type=gcc3
am_cv_CXX_dependencies_compiler_type=gcc3
am_cv_make_support_nested_variables=yes
am_cv_prog_cc_c_o=yes
lt_cv_ar_at_file=@
lt_cv_archive_cmds_need_lc=no
lt_cv_deplibs_check_method=pass_all
lt_cv_file_magic_cmd='$MAGIC_CMD'
lt_cv_file_magic_test_file=
lt_cv_ld_reload_flag=-r
lt_cv_nm_interface='BSD nm'
lt_cv_objdir=.libs
lt_cv_path_LD=/usr/bin/ld
lt_cv_path_LDCXX=/usr/bin/ld
lt_cv_path_NM='/usr/bin/nm -B'
lt_cv_path_mainfest_tool=no
lt_cv_prog_compiler_c_o=yes
lt_cv_prog_compiler_c_o_CXX=yes
lt_cv_prog_compiler_pic='-fPIC -DPIC'
lt_cv_prog_compiler_pic_CXX='-fPIC -DPIC'
lt_cv_prog_compiler_pic_works=yes
lt_cv_prog_compiler_pic_works_CXX=yes
lt_cv_prog_compiler_rtti_exceptions=no
lt_cv_prog_compiler_static_works=yes
lt_cv_prog_compiler_static_works_CXX=yes
lt_cv_prog_gnu_ld=yes
lt_cv_prog_gnu_ldcxx=yes
lt_cv_sharedlib_from_linklib_cmd='printf %s\n'
lt_cv_shlibpath_overrides_runpath=no
lt_cv_sys_global_symbol_pipe='sed -n -e '\''s/^.*[	 ]\([ABCDGIRSTW][ABCDGIRSTW]*\)[	 ][	 ]*\([_A-Za-z][_A-Za-z0-9]*\)$/\1 \2 \2/p'\'' | sed '\''/ __gnu_lto/d'\'''
lt_cv_sys_global_symbol_to_c_name_address='sed -n -e '\''s/^: \([^ ]*\)[ ]*$/  {\"\1\", (void *) 0},/p'\'' -e '\''s/^[ABCDGIRSTW]* \([^ ]*\) \([^ ]*\)$/  {"\2", (void *) \&\2},/p'\'''
lt_cv_sys_global_symbol_to_c_name_address_lib_prefix='sed -n -e '\''s/^: \([^ ]*\)[ ]*$/  {\"\1\", (void *) 0},/p'\'' -e '\''s/^[ABCDGIRSTW]* \([^ ]*\) \(lib[^ ]*\)$/  {"\2", (void *) \&\2},/p'\'' -e '\''s/^[ABCDGIRSTW]* \([^ ]*\) \([^ ]*\)$/  {"lib\2", (void *) \&\2},/p'\'''
lt_cv_sys_global_symbol_to_cdecl='sed -n -e '\''s/^T .* \(.*\)$/extern int \1();/p'\'' -e '\''s/^[ABCDGIRSTW]* .* \(.*\)$/extern char \1;/p'\'''
lt_cv_sys_max_cmd_len=1572864
lt_cv_to_host_file_cmd=func_convert_file_noop
lt_cv_to_tool_file_cmd=func_convert_file_noop

## ----------------- ##
## Output variables. ##
## ----------------- ##

ACLOCAL='${SHELL} /home/leon/桌面/case/gloox-1.0.14/missing aclocal-1.14'
AMDEPBACKSLASH='\'
AMDEP_FALSE='#'
AMDEP_TRUE=''
AMTAR='$${TAR-tar}'
AM_BACKSLASH='\'
AM_DEFAULT_V='$(AM_DEFAULT_VERBOSITY)'
AM_DEFAULT_VERBOSITY='1'
AM_V='$(V)'
AR='ar'
AUTOCONF='${SHELL} /home/leon/桌面/case/gloox-1.0.14/missing autoconf'
AUTOHEADER='${SHELL} /home/leon/桌面/case/gloox-1.0.14/missing autoheader'
AUTOMAKE='${SHELL} /home/leon/桌面/case/gloox-1.0.14/missing automake-1.14'
AWK='mawk'
CC='gcc'
CCDEPMODE='depmode=gcc3'
CFLAGS='-g -O2'
CPP='gcc -E'
CPPFLAGS=' -pthread'
CXX='g++'
CXXCPP='g++ -E'
CXXDEPMODE='depmode=gcc3'
CXXFLAGS='-g -O2 -ansi'
CYGPATH_W='echo'
DEFS='-DHAVE_CONFIG_H'
DEPDIR='.deps'
DLLTOOL='false'
DSYMUTIL=''
DUMPBIN=''
ECHO_C=''
ECHO_N='-n'
ECHO_T=''
EGREP='/bin/grep -E'
EXEEXT=''
FGREP='/bin/grep -F'
GNUTLS_CFLAGS=''
GNUTLS_LIBS=''
GREP='/bin/grep'
HAVE_GCC_ATOMIC_BUILTINS='yes'
INSTALL_DATA='${INSTALL} -m 644'
INSTALL_PROGRAM='${INSTALL}'
INSTALL_SCRIPT='${INSTALL}'
INSTALL_STRIP_PROGRAM='$(install_sh) -c -s'
ISODATE='2016-04-11'
LD='/usr/bin/ld'
LDFLAGS=' -pthread'
LIBOBJS=''
LIBS='-lresolv -lresolv   -lidn -lssl -lcrypto -lz'
LIBTOOL='$(SHELL) $(top_builddir)/libtool'
LIPO=''
LN_S='ln -s'
LTLIBOBJS=''
MAKEINFO='${SHELL} /home/leon/桌面/case/gloox-1.0.14/missing makeinfo'
MANIFEST_TOOL=':'
MAYBE_EXAMPLES='examples'
MAYBE_LIB_mdns=''
MAYBE_TESTS='tests'
MKDIR_P='/bin/mkdir -p'
NM='/usr/bin/nm -B'
NMEDIT=''
OBJDUMP='objdump'
OBJEXT='o'
OTOOL64=''
OTOOL=''
PACKAGE='gloox'
PACKAGE_BUGREPORT='js@camaya.net'
PACKAGE_NAME='gloox'
PACKAGE_STRING='gloox 1.0.14'
PACKAGE_TARNAME='gloox'
PACKAGE_URL=''
PACKAGE_VERSION='1.0.14'
PATH_SEPARATOR=':'
PKG_CONFIG=''
PKG_CONFIG_LIBDIR=''
PKG_CONFIG_PATH=''
PTHREAD_CC='gcc'
PTHREAD_CFLAGS='-pthread'
PTHREAD_LIBS=''
RANLIB='ranlib'
SED='/bin/sed'
SET_MAKE=''
SHELL='/bin/bash'
STRIP='strip'
VERSION='1.0.14'
ac_ct_AR='ar'
ac_ct_CC='gcc'
ac_ct_CXX='g++'
ac_ct_DUMPBIN=''
acx_pthread_config=''
am__EXEEXT_FALSE=''
am__EXEEXT_TRUE='#'
am__fastdepCC_FALSE='#'
am__fastdepCC_TRUE=''
am__fastdepCXX_FALSE='#'
am__fastdepCXX_TRUE=''
am__include='include'
am__isrc=''
am__leading_dot='.'
am__nodep='_no'
am__quote=''
am__tar='$${TAR-tar} chof - "$$tardir"'
am__untar='$${TAR-tar} xf -'
bindir='${exec_prefix}/bin'
build='i686-pc-linux-gnu'
build_alias=''
build_cpu='i686'
build_os='linux-gnu'
build_vendor='pc'
datadir='${datarootdir}'
datarootdir='${prefix}/share'
docdir='${datarootdir}/doc/${PACKAGE_TARNAME}'
dvidir='${docdir}'
exec_prefix='${prefix}'
host='i686-pc-linux-gnu'
host_alias=''
host_cpu='i686'
host_os='linux-gnu'
host_vendor='pc'
htmldir='${docdir}'
includedir='${prefix}/include'
infodir='${datarootdir}/info'
install_sh='${SHELL} /home/leon/桌面/case/gloox-1.0.14/install-sh'
libdir='${exec_prefix}/lib'
libexecdir='${exec_prefix}/libexec'
localedir='${datarootdir}/locale'
localstatedir='${prefix}/var'
mandir='${datarootdir}/man'
mkdir_p='$(MKDIR_P)'
oldincludedir='/usr/include'
pdfdir='${docdir}'
prefix='/usr/local'
program_transform_name='s,x,x,'
psdir='${docdir}'
sbindir='${exec_prefix}/sbin'
sharedstatedir='${prefix}/com'
sysconfdir='${prefix}/etc'
target_alias=''

## ----------- ##
## confdefs.h. ##
## ----------- ##

/* confdefs.h */
#define PACKAGE_NAME "gloox"
#define PACKAGE_TARNAME "gloox"
#define PACKAGE_VERSION "1.0.14"
#define PACKAGE_STRING "gloox 1.0.14"
#define PACKAGE_BUGREPORT "js@camaya.net"
#define PACKAGE_URL ""
#define PACKAGE "gloox"
#define VERSION "1.0.14"
#define STDC_HEADERS 1
#define HAVE_SYS_TYPES_H 1
#define HAVE_SYS_STAT_H 1
#define HAVE_STDLIB_H 1
#define HAVE_STRING_H 1
#define HAVE_MEMORY_H 1
#define HAVE_STRINGS_H 1
#define HAVE_INTTYPES_H 1
#define HAVE_STDINT_H 1
#define HAVE_UNISTD_H 1
#define HAVE_DLFCN_H 1
#define LT_OBJDIR ".libs/"
#define HAVE_GCC_ATOMIC_BUILTINS 1
#define HAVE_LIBIDN 1
#define HAVE_OPENSSL 1
#define HAVE_ZLIB 1
#define HAVE_PTHREAD 1
#define HAVE_LIBRESOLV 1
#define HAVE_RES_QUERYDOMAIN 1
#define HAVE_DN_SKIPNAME 1
#define HAVE_RES_QUERY 1
#define STDC_HEADERS 1
#define HAVE_UNISTD_H 1
#define HAVE_STRINGS_H 1
#define HAVE_ERRNO_H 1
#define HAVE_ARPA_NAMESER_H 1
#define HAVE_SETSOCKOPT 1

configure: exit 0
